This is pdfTeX, Version 3.1415926-2.5-1.40.14 (MiKTeX 2.9) (preloaded format=pdflatex 2015.8.5)  14 OCT 2015 23:02
entering extended mode
**report.tex
(I:\courses\1502\geometry\hw\homework-04\cshape-youngeun\report\report.tex
LaTeX2e <2011/06/27>
Babel <v3.8m> and hyphenation patterns for english, afrikaans, ancientgreek, ar
abic, armenian, assamese, basque, bengali, bokmal, bulgarian, catalan, coptic, 
croatian, czech, danish, dutch, esperanto, estonian, farsi, finnish, french, ga
lician, german, german-x-2013-05-26, greek, gujarati, hindi, hungarian, iceland
ic, indonesian, interlingua, irish, italian, kannada, kurmanji, latin, latvian,
 lithuanian, malayalam, marathi, mongolian, mongolianlmc, monogreek, ngerman, n
german-x-2013-05-26, nynorsk, oriya, panjabi, pinyin, polish, portuguese, roman
ian, russian, sanskrit, serbian, slovak, slovenian, spanish, swedish, swissgerm
an, tamil, telugu, turkish, turkmen, ukenglish, ukrainian, uppersorbian, usengl
ishmax, welsh, loaded.
("C:\Program Files (x86)\MiKTeX 2.9\tex\latex\base\article.cls"
Document Class: article 2007/10/19 v1.4h Standard LaTeX document class
("C:\Program Files (x86)\MiKTeX 2.9\tex\latex\base\size11.clo"
File: size11.clo 2007/10/19 v1.4h Standard LaTeX file (size option)
)
\c@part=\count79
\c@section=\count80
\c@subsection=\count81
\c@subsubsection=\count82
\c@paragraph=\count83
\c@subparagraph=\count84
\c@figure=\count85
\c@table=\count86
\abovecaptionskip=\skip41
\belowcaptionskip=\skip42
\bibindent=\dimen102
)
("C:\Program Files (x86)\MiKTeX 2.9\tex\latex\base\latexsym.sty"
Package: latexsym 1998/08/17 v2.2e Standard LaTeX package (lasy symbols)
\symlasy=\mathgroup4
LaTeX Font Info:    Overwriting symbol font `lasy' in version `bold'
(Font)                  U/lasy/m/n --> U/lasy/b/n on input line 47.
)
("C:\Program Files (x86)\MiKTeX 2.9\tex\latex\amsmath\amsmath.sty"
Package: amsmath 2013/01/14 v2.14 AMS math features
\@mathmargin=\skip43

For additional information on amsmath, use the `?' option.
("C:\Program Files (x86)\MiKTeX 2.9\tex\latex\amsmath\amstext.sty"
Package: amstext 2000/06/29 v2.01

("C:\Program Files (x86)\MiKTeX 2.9\tex\latex\amsmath\amsgen.sty"
File: amsgen.sty 1999/11/30 v2.0
\@emptytoks=\toks14
\ex@=\dimen103
))
("C:\Program Files (x86)\MiKTeX 2.9\tex\latex\amsmath\amsbsy.sty"
Package: amsbsy 1999/11/29 v1.2d
\pmbraise@=\dimen104
)
("C:\Program Files (x86)\MiKTeX 2.9\tex\latex\amsmath\amsopn.sty"
Package: amsopn 1999/12/14 v2.01 operator names
)
\inf@bad=\count87
LaTeX Info: Redefining \frac on input line 210.
\uproot@=\count88
\leftroot@=\count89
LaTeX Info: Redefining \overline on input line 306.
\classnum@=\count90
\DOTSCASE@=\count91
LaTeX Info: Redefining \ldots on input line 378.
LaTeX Info: Redefining \dots on input line 381.
LaTeX Info: Redefining \cdots on input line 466.
\Mathstrutbox@=\box26
\strutbox@=\box27
\big@size=\dimen105
LaTeX Font Info:    Redeclaring font encoding OML on input line 566.
LaTeX Font Info:    Redeclaring font encoding OMS on input line 567.
\macc@depth=\count92
\c@MaxMatrixCols=\count93
\dotsspace@=\muskip10
\c@parentequation=\count94
\dspbrk@lvl=\count95
\tag@help=\toks15
\row@=\count96
\column@=\count97
\maxfields@=\count98
\andhelp@=\toks16
\eqnshift@=\dimen106
\alignsep@=\dimen107
\tagshift@=\dimen108
\tagwidth@=\dimen109
\totwidth@=\dimen110
\lineht@=\dimen111
\@envbody=\toks17
\multlinegap=\skip44
\multlinetaggap=\skip45
\mathdisplay@stack=\toks18
LaTeX Info: Redefining \[ on input line 2665.
LaTeX Info: Redefining \] on input line 2666.
)
("C:\Program Files (x86)\MiKTeX 2.9\tex\latex\amsfonts\amssymb.sty"
Package: amssymb 2013/01/14 v3.01 AMS font symbols

("C:\Program Files (x86)\MiKTeX 2.9\tex\latex\amsfonts\amsfonts.sty"
Package: amsfonts 2013/01/14 v3.01 Basic AMSFonts support
\symAMSa=\mathgroup5
\symAMSb=\mathgroup6
LaTeX Font Info:    Overwriting math alphabet `\mathfrak' in version `bold'
(Font)                  U/euf/m/n --> U/euf/b/n on input line 106.
))
("C:\Program Files (x86)\MiKTeX 2.9\tex\latex\amscls\amsthm.sty"
Package: amsthm 2004/08/06 v2.20
\thm@style=\toks19
\thm@bodyfont=\toks20
\thm@headfont=\toks21
\thm@notefont=\toks22
\thm@headpunct=\toks23
\thm@preskip=\skip46
\thm@postskip=\skip47
\thm@headsep=\skip48
\dth@everypar=\toks24
)
("C:\Program Files (x86)\MiKTeX 2.9\tex\latex\graphics\graphicx.sty"
Package: graphicx 1999/02/16 v1.0f Enhanced LaTeX Graphics (DPC,SPQR)

("C:\Program Files (x86)\MiKTeX 2.9\tex\latex\graphics\keyval.sty"
Package: keyval 1999/03/16 v1.13 key=value parser (DPC)
\KV@toks@=\toks25
)
("C:\Program Files (x86)\MiKTeX 2.9\tex\latex\graphics\graphics.sty"
Package: graphics 2009/02/05 v1.0o Standard LaTeX Graphics (DPC,SPQR)

("C:\Program Files (x86)\MiKTeX 2.9\tex\latex\graphics\trig.sty"
Package: trig 1999/03/16 v1.09 sin cos tan (DPC)
)
("C:\Program Files (x86)\MiKTeX 2.9\tex\latex\00miktex\graphics.cfg"
File: graphics.cfg 2007/01/18 v1.5 graphics configuration of teTeX/TeXLive
)
Package graphics Info: Driver file: pdftex.def on input line 91.

("C:\Program Files (x86)\MiKTeX 2.9\tex\latex\pdftex-def\pdftex.def"
File: pdftex.def 2011/05/27 v0.06d Graphics/color for pdfTeX

("C:\Program Files (x86)\MiKTeX 2.9\tex\generic\oberdiek\infwarerr.sty"
Package: infwarerr 2010/04/08 v1.3 Providing info/warning/error messages (HO)
)
("C:\Program Files (x86)\MiKTeX 2.9\tex\generic\oberdiek\ltxcmds.sty"
Package: ltxcmds 2011/11/09 v1.22 LaTeX kernel commands for general use (HO)
)
\Gread@gobject=\count99
))
\Gin@req@height=\dimen112
\Gin@req@width=\dimen113
)
("C:\Program Files (x86)\MiKTeX 2.9\tex\latex\wrapfig\wrapfig.sty"
\wrapoverhang=\dimen114
\WF@size=\dimen115
\c@WF@wrappedlines=\count100
\WF@box=\box28
\WF@everypar=\toks26
Package: wrapfig 2003/01/31  v 3.6
)
("C:\Program Files (x86)\MiKTeX 2.9\tex\latex\pseudocode\pseudocode.sty"
** 
** Document Style `pseudocode' - environment 
** by D.L. Kreher and D.R. Stinson 
** 
** The pseudocode environment was originally developed for the book
** Combinatorial Algorithms: Enumeration, Generation, and Search
** CRC Press, 1999. 
Package: pseudocode 
\pcode@width=\skip49
("C:\Program Files (x86)\MiKTeX 2.9\tex\latex\fancybox\fancybox.sty"
Package: fancybox 2010/05/15 1.4

Style option: `fancybox' v1.4 <2010/05/15> (tvz)
\@fancybox=\box29
\shadowsize=\dimen116
\@Sbox=\box30
\do@VerbBox=\toks27
\the@fancyput=\toks28
\this@fancyput=\toks29
\EndVerbatimTokens=\toks30
\Verbatim@Outfile=\write3
\Verbatim@Infile=\read1
) ("C:\Program Files (x86)\MiKTeX 2.9\tex\latex\base\ifthen.sty"
Package: ifthen 2001/05/26 v1.1c Standard LaTeX ifthen package (DPC)
)
\c@pseudocode=\count101
\c@pseudonum=\count102
)
("C:\Program Files (x86)\MiKTeX 2.9\tex\latex\url\url.sty"
\Urlmuskip=\muskip11
Package: url 2013/09/16  ver 3.4  Verb mode for urls, etc.
)
("C:\Program Files (x86)\MiKTeX 2.9\tex\latex\hyperref\hyperref.sty"
Package: hyperref 2012/11/06 v6.83m Hypertext links for LaTeX

("C:\Program Files (x86)\MiKTeX 2.9\tex\generic\oberdiek\hobsub-hyperref.sty"
Package: hobsub-hyperref 2012/04/25 v1.12 Bundle oberdiek, subset hyperref (HO)


("C:\Program Files (x86)\MiKTeX 2.9\tex\generic\oberdiek\hobsub-generic.sty"
Package: hobsub-generic 2012/04/25 v1.12 Bundle oberdiek, subset generic (HO)
Package: hobsub 2012/04/25 v1.12 Construct package bundles (HO)
Package hobsub Info: Skipping package `infwarerr' (already loaded).
Package hobsub Info: Skipping package `ltxcmds' (already loaded).
Package: ifluatex 2010/03/01 v1.3 Provides the ifluatex switch (HO)
Package ifluatex Info: LuaTeX not detected.
Package: ifvtex 2010/03/01 v1.5 Detect VTeX and its facilities (HO)
Package ifvtex Info: VTeX not detected.
Package: intcalc 2007/09/27 v1.1 Expandable calculations with integers (HO)
Package: ifpdf 2011/01/30 v2.3 Provides the ifpdf switch (HO)
Package ifpdf Info: pdfTeX in PDF mode is detected.
Package: etexcmds 2011/02/16 v1.5 Avoid name clashes with e-TeX commands (HO)
Package etexcmds Info: Could not find \expanded.
(etexcmds)             That can mean that you are not using pdfTeX 1.50 or
(etexcmds)             that some package has redefined \expanded.
(etexcmds)             In the latter case, load this package earlier.
Package: kvsetkeys 2012/04/25 v1.16 Key value parser (HO)
Package: kvdefinekeys 2011/04/07 v1.3 Define keys (HO)
Package: pdftexcmds 2011/11/29 v0.20 Utility functions of pdfTeX for LuaTeX (HO
)
Package pdftexcmds Info: LuaTeX not detected.
Package pdftexcmds Info: \pdf@primitive is available.
Package pdftexcmds Info: \pdf@ifprimitive is available.
Package pdftexcmds Info: \pdfdraftmode found.
Package: pdfescape 2011/11/25 v1.13 Implements pdfTeX's escape features (HO)
Package: bigintcalc 2012/04/08 v1.3 Expandable calculations on big integers (HO
)
Package: bitset 2011/01/30 v1.1 Handle bit-vector datatype (HO)
Package: uniquecounter 2011/01/30 v1.2 Provide unlimited unique counter (HO)
)
Package hobsub Info: Skipping package `hobsub' (already loaded).
Package: letltxmacro 2010/09/02 v1.4 Let assignment for LaTeX macros (HO)
Package: hopatch 2011/06/24 v1.1 Wrapper for package hooks (HO)
Package: xcolor-patch 2011/01/30 xcolor patch
Package: atveryend 2011/06/30 v1.8 Hooks at the very end of document (HO)
Package atveryend Info: \enddocument detected (standard20110627).
Package: atbegshi 2011/10/05 v1.16 At begin shipout hook (HO)
Package: refcount 2011/10/16 v3.4 Data extraction from label references (HO)
Package: hycolor 2011/01/30 v1.7 Color options for hyperref/bookmark (HO)
)
("C:\Program Files (x86)\MiKTeX 2.9\tex\generic\ifxetex\ifxetex.sty"
Package: ifxetex 2010/09/12 v0.6 Provides ifxetex conditional
)
("C:\Program Files (x86)\MiKTeX 2.9\tex\latex\oberdiek\auxhook.sty"
Package: auxhook 2011/03/04 v1.3 Hooks for auxiliary files (HO)
)
("C:\Program Files (x86)\MiKTeX 2.9\tex\latex\oberdiek\kvoptions.sty"
Package: kvoptions 2011/06/30 v3.11 Key value format for package options (HO)
)
\@linkdim=\dimen117
\Hy@linkcounter=\count103
\Hy@pagecounter=\count104

("C:\Program Files (x86)\MiKTeX 2.9\tex\latex\hyperref\pd1enc.def"
File: pd1enc.def 2012/11/06 v6.83m Hyperref: PDFDocEncoding definition (HO)
)
\Hy@SavedSpaceFactor=\count105

("C:\Program Files (x86)\MiKTeX 2.9\tex\latex\00miktex\hyperref.cfg"
File: hyperref.cfg 2002/06/06 v1.2 hyperref configuration of TeXLive
)
Package hyperref Info: Option `colorlinks' set `true' on input line 4319.
Package hyperref Info: Hyper figures OFF on input line 4443.
Package hyperref Info: Link nesting OFF on input line 4448.
Package hyperref Info: Hyper index ON on input line 4451.
Package hyperref Info: Plain pages OFF on input line 4458.
Package hyperref Info: Backreferencing ON on input line 4461.
Package hyperref Info: Implicit mode ON; LaTeX internals redefined.
Package hyperref Info: Bookmarks ON on input line 4688.

("C:\Program Files (x86)\MiKTeX 2.9\tex\latex\hyperref\backref.sty"
Package: backref 2012/07/25 v1.38 Bibliographical back referencing

("C:\Program Files (x86)\MiKTeX 2.9\tex\latex\oberdiek\rerunfilecheck.sty"
Package: rerunfilecheck 2011/04/15 v1.7 Rerun checks for auxiliary files (HO)
Package uniquecounter Info: New unique counter `rerunfilecheck' on input line 2
82.
))
\c@Hy@tempcnt=\count106
LaTeX Info: Redefining \url on input line 5041.
\XeTeXLinkMargin=\dimen118
\Fld@menulength=\count107
\Field@Width=\dimen119
\Fld@charsize=\dimen120
Package hyperref Info: Hyper figures OFF on input line 6295.
Package hyperref Info: Link nesting OFF on input line 6300.
Package hyperref Info: Hyper index ON on input line 6303.
Package hyperref Info: backreferencing ON on input line 6308.
Package hyperref Info: Link coloring ON on input line 6313.
Package hyperref Info: Link coloring with OCG OFF on input line 6320.
Package hyperref Info: PDF/A mode OFF on input line 6325.
LaTeX Info: Redefining \ref on input line 6365.
LaTeX Info: Redefining \pageref on input line 6369.
\Hy@abspage=\count108
\c@Item=\count109
\c@Hfootnote=\count110
)

Package hyperref Message: Driver (autodetected): hpdftex.

("C:\Program Files (x86)\MiKTeX 2.9\tex\latex\hyperref\hpdftex.def"
File: hpdftex.def 2012/11/06 v6.83m Hyperref driver for pdfTeX
\Fld@listcount=\count111
\c@bookmark@seq@number=\count112
\Hy@SectionHShift=\skip50
)
("C:\Program Files (x86)\MiKTeX 2.9\tex\latex\subfigure\subfigure.sty"
Package: subfigure 2002/07/30 v2.1.4 subfigure package
\subfigtopskip=\skip51
\subfigcapskip=\skip52
\subfigcaptopadj=\dimen121
\subfigbottomskip=\skip53
\subfigcapmargin=\dimen122
\subfiglabelskip=\skip54
\c@subfigure=\count113
\c@lofdepth=\count114
\c@subtable=\count115
\c@lotdepth=\count116

****************************************
* Local config file subfigure.cfg used *
****************************************
("C:\Program Files (x86)\MiKTeX 2.9\tex\latex\subfigure\subfigure.cfg")
\subfig@top=\skip55
\subfig@bottom=\skip56
)
\c@theorem=\count117

(I:\courses\1502\geometry\hw\homework-04\cshape-youngeun\report\report.aux)
LaTeX Font Info:    Checking defaults for OML/cmm/m/it on input line 56.
LaTeX Font Info:    ... okay on input line 56.
LaTeX Font Info:    Checking defaults for T1/cmr/m/n on input line 56.
LaTeX Font Info:    ... okay on input line 56.
LaTeX Font Info:    Checking defaults for OT1/cmr/m/n on input line 56.
LaTeX Font Info:    ... okay on input line 56.
LaTeX Font Info:    Checking defaults for OMS/cmsy/m/n on input line 56.
LaTeX Font Info:    ... okay on input line 56.
LaTeX Font Info:    Checking defaults for OMX/cmex/m/n on input line 56.
LaTeX Font Info:    ... okay on input line 56.
LaTeX Font Info:    Checking defaults for U/cmr/m/n on input line 56.
LaTeX Font Info:    ... okay on input line 56.
LaTeX Font Info:    Checking defaults for PD1/pdf/m/n on input line 56.
LaTeX Font Info:    ... okay on input line 56.

("C:\Program Files (x86)\MiKTeX 2.9\tex\context\base\supp-pdf.mkii"
[Loading MPS to PDF converter (version 2006.09.02).]
\scratchcounter=\count118
\scratchdimen=\dimen123
\scratchbox=\box31
\nofMPsegments=\count119
\nofMParguments=\count120
\everyMPshowfont=\toks31
\MPscratchCnt=\count121
\MPscratchDim=\dimen124
\MPnumerator=\count122
\makeMPintoPDFobject=\count123
\everyMPtoPDFconversion=\toks32
)
\AtBeginShipoutBox=\box32
 ("C:\Program Files (x86)\MiKTeX 2.9\tex\latex\graphics\color.sty"
Package: color 2005/11/14 v1.0j Standard LaTeX Color (DPC)

("C:\Program Files (x86)\MiKTeX 2.9\tex\latex\00miktex\color.cfg"
File: color.cfg 2007/01/18 v1.5 color configuration of teTeX/TeXLive
)
Package color Info: Driver file: pdftex.def on input line 130.
)
Package hyperref Info: Link coloring ON on input line 56.

("C:\Program Files (x86)\MiKTeX 2.9\tex\latex\hyperref\nameref.sty"
Package: nameref 2012/10/27 v2.43 Cross-referencing by name of section

("C:\Program Files (x86)\MiKTeX 2.9\tex\generic\oberdiek\gettitlestring.sty"
Package: gettitlestring 2010/12/03 v1.4 Cleanup title references (HO)
)
\c@section@level=\count124
)
LaTeX Info: Redefining \ref on input line 56.
LaTeX Info: Redefining \pageref on input line 56.
LaTeX Info: Redefining \nameref on input line 56.

(I:\courses\1502\geometry\hw\homework-04\cshape-youngeun\report\report.out)
(I:\courses\1502\geometry\hw\homework-04\cshape-youngeun\report\report.out)
\@outlinefile=\write4
LaTeX Font Info:    Try loading font information for U+lasy on input line 65.

("C:\Program Files (x86)\MiKTeX 2.9\tex\latex\base\ulasy.fd"
File: ulasy.fd 1998/08/17 v2.2e LaTeX symbol font definitions
)
LaTeX Font Info:    Try loading font information for U+msa on input line 65.

("C:\Program Files (x86)\MiKTeX 2.9\tex\latex\amsfonts\umsa.fd"
File: umsa.fd 2013/01/14 v3.01 AMS symbols A
)
LaTeX Font Info:    Try loading font information for U+msb on input line 65.

("C:\Program Files (x86)\MiKTeX 2.9\tex\latex\amsfonts\umsb.fd"
File: umsb.fd 2013/01/14 v3.01 AMS symbols B
)
<./figs/coplanar.jpg, id=17, 373.395pt x 390.70969pt>
File: ./figs/coplanar.jpg Graphic file (type jpg)

<use ./figs/coplanar.jpg>
Package pdftex.def Info: ./figs/coplanar.jpg used on input line 79.
(pdftex.def)             Requested size: 135.96043pt x 142.26378pt.
 <./figs/input.jpg, id=19, 578.16pt x 344.03531pt>
File: ./figs/input.jpg Graphic file (type jpg)

<use ./figs/input.jpg>
Package pdftex.def Info: ./figs/input.jpg used on input line 88.
(pdftex.def)             Requested size: 334.70667pt x 199.16928pt.
 <./figs/bb_f.jpg, id=32, 373.395pt x 390.70969pt>
File: ./figs/bb_f.jpg Graphic file (type jpg)

<use ./figs/bb_f.jpg>
Package pdftex.def Info: ./figs/bb_f.jpg used on input line 99.
(pdftex.def)             Requested size: 108.76607pt x 113.81102pt.
 <./figs/bb_e.jpg, id=33, 373.395pt x 390.70969pt>
File: ./figs/bb_e.jpg Graphic file (type jpg)

<use ./figs/bb_e.jpg>
Package pdftex.def Info: ./figs/bb_e.jpg used on input line 100.
(pdftex.def)             Requested size: 108.76607pt x 113.81102pt.
 <./figs/bb_v.jpg, id=34, 373.395pt x 390.70969pt>
File: ./figs/bb_v.jpg Graphic file (type jpg)

<use ./figs/bb_v.jpg>
Package pdftex.def Info: ./figs/bb_v.jpg used on input line 101.
(pdftex.def)             Requested size: 108.76607pt x 113.81102pt.
 <./figs/bb_t.jpg, id=35, 373.395pt x 390.70969pt>
File: ./figs/bb_t.jpg Graphic file (type jpg)

<use ./figs/bb_t.jpg>
Package pdftex.def Info: ./figs/bb_t.jpg used on input line 102.
(pdftex.def)             Requested size: 108.76607pt x 113.81102pt.
 <./figs/bull_f.jpg, id=36, 373.395pt x 390.70969pt>
File: ./figs/bull_f.jpg Graphic file (type jpg)

<use ./figs/bull_f.jpg>
Package pdftex.def Info: ./figs/bull_f.jpg used on input line 109.
(pdftex.def)             Requested size: 108.76607pt x 113.81102pt.
 <./figs/bull_e.jpg, id=37, 373.395pt x 390.70969pt>
File: ./figs/bull_e.jpg Graphic file (type jpg)

<use ./figs/bull_e.jpg>
Package pdftex.def Info: ./figs/bull_e.jpg used on input line 110.
(pdftex.def)             Requested size: 108.76607pt x 113.81102pt.
 <./figs/bull_v.jpg, id=38, 373.395pt x 390.70969pt>
File: ./figs/bull_v.jpg Graphic file (type jpg)

<use ./figs/bull_v.jpg>
Package pdftex.def Info: ./figs/bull_v.jpg used on input line 111.
(pdftex.def)             Requested size: 108.76607pt x 113.81102pt.
 <./figs/bull_t.jpg, id=39, 373.395pt x 390.70969pt>
File: ./figs/bull_t.jpg Graphic file (type jpg)

<use ./figs/bull_t.jpg>
Package pdftex.def Info: ./figs/bull_t.jpg used on input line 112.
(pdftex.def)             Requested size: 108.76607pt x 113.81102pt.
 <./figs/bunny_f.jpg, id=40, 373.395pt x 390.70969pt>
File: ./figs/bunny_f.jpg Graphic file (type jpg)

<use ./figs/bunny_f.jpg>
Package pdftex.def Info: ./figs/bunny_f.jpg used on input line 119.
(pdftex.def)             Requested size: 108.76607pt x 113.81102pt.
 <./figs/bunny_e.jpg, id=41, 373.395pt x 390.70969pt>
File: ./figs/bunny_e.jpg Graphic file (type jpg)

<use ./figs/bunny_e.jpg>
Package pdftex.def Info: ./figs/bunny_e.jpg used on input line 120.
(pdftex.def)             Requested size: 108.76607pt x 113.81102pt.
 <./figs/bunny_v.jpg, id=42, 373.395pt x 390.70969pt>
File: ./figs/bunny_v.jpg Graphic file (type jpg)

<use ./figs/bunny_v.jpg>
Package pdftex.def Info: ./figs/bunny_v.jpg used on input line 121.
(pdftex.def)             Requested size: 108.76607pt x 113.81102pt.
 <./figs/bunny_t.jpg, id=43, 373.395pt x 390.70969pt>
File: ./figs/bunny_t.jpg Graphic file (type jpg)

<use ./figs/bunny_t.jpg>
Package pdftex.def Info: ./figs/bunny_t.jpg used on input line 122.
(pdftex.def)             Requested size: 108.76607pt x 113.81102pt.
 <./figs/cube_f.jpg, id=44, 373.395pt x 390.70969pt>
File: ./figs/cube_f.jpg Graphic file (type jpg)

<use ./figs/cube_f.jpg>
Package pdftex.def Info: ./figs/cube_f.jpg used on input line 129.
(pdftex.def)             Requested size: 108.76607pt x 113.81102pt.
 <./figs/cube_e.jpg, id=45, 373.395pt x 390.70969pt>
File: ./figs/cube_e.jpg Graphic file (type jpg)

<use ./figs/cube_e.jpg>
Package pdftex.def Info: ./figs/cube_e.jpg used on input line 130.
(pdftex.def)             Requested size: 108.76607pt x 113.81102pt.
 <./figs/cube_v.jpg, id=46, 373.395pt x 390.70969pt>
File: ./figs/cube_v.jpg Graphic file (type jpg)

<use ./figs/cube_v.jpg>
Package pdftex.def Info: ./figs/cube_v.jpg used on input line 131.
(pdftex.def)             Requested size: 108.76607pt x 113.81102pt.
 <./figs/cube_t.jpg, id=47, 373.395pt x 390.70969pt>
File: ./figs/cube_t.jpg Graphic file (type jpg)

<use ./figs/cube_t.jpg>
Package pdftex.def Info: ./figs/cube_t.jpg used on input line 132.
(pdftex.def)             Requested size: 108.76607pt x 113.81102pt.

<./figs/ellipsoid_f.jpg, id=48, 373.395pt x 390.70969pt>
File: ./figs/ellipsoid_f.jpg Graphic file (type jpg)

<use ./figs/ellipsoid_f.jpg>
Package pdftex.def Info: ./figs/ellipsoid_f.jpg used on input line 139.
(pdftex.def)             Requested size: 108.76607pt x 113.81102pt.

<./figs/ellipsoid_e.jpg, id=49, 373.395pt x 390.70969pt>
File: ./figs/ellipsoid_e.jpg Graphic file (type jpg)

<use ./figs/ellipsoid_e.jpg>
Package pdftex.def Info: ./figs/ellipsoid_e.jpg used on input line 140.
(pdftex.def)             Requested size: 108.76607pt x 113.81102pt.

<./figs/ellipsoid_v.jpg, id=50, 373.395pt x 390.70969pt>
File: ./figs/ellipsoid_v.jpg Graphic file (type jpg)

<use ./figs/ellipsoid_v.jpg>
Package pdftex.def Info: ./figs/ellipsoid_v.jpg used on input line 141.
(pdftex.def)             Requested size: 108.76607pt x 113.81102pt.

<./figs/ellipsoid_t.jpg, id=51, 373.395pt x 390.70969pt>
File: ./figs/ellipsoid_t.jpg Graphic file (type jpg)

<use ./figs/ellipsoid_t.jpg>
Package pdftex.def Info: ./figs/ellipsoid_t.jpg used on input line 142.
(pdftex.def)             Requested size: 108.76607pt x 113.81102pt.

<./figs/screwdriver_f.jpg, id=52, 373.395pt x 390.70969pt>
File: ./figs/screwdriver_f.jpg Graphic file (type jpg)

<use ./figs/screwdriver_f.jpg>
Package pdftex.def Info: ./figs/screwdriver_f.jpg used on input line 149.
(pdftex.def)             Requested size: 108.76607pt x 113.81102pt.

<./figs/screwdriver_e.jpg, id=53, 373.395pt x 390.70969pt>
File: ./figs/screwdriver_e.jpg Graphic file (type jpg)

<use ./figs/screwdriver_e.jpg>
Package pdftex.def Info: ./figs/screwdriver_e.jpg used on input line 150.
(pdftex.def)             Requested size: 108.76607pt x 113.81102pt.

<./figs/screwdriver_v.jpg, id=54, 373.395pt x 390.70969pt>
File: ./figs/screwdriver_v.jpg Graphic file (type jpg)

<use ./figs/screwdriver_v.jpg>
Package pdftex.def Info: ./figs/screwdriver_v.jpg used on input line 151.
(pdftex.def)             Requested size: 108.76607pt x 113.81102pt.

<./figs/screwdriver_t.jpg, id=55, 373.395pt x 390.70969pt>
File: ./figs/screwdriver_t.jpg Graphic file (type jpg)

<use ./figs/screwdriver_t.jpg>
Package pdftex.def Info: ./figs/screwdriver_t.jpg used on input line 152.
(pdftex.def)             Requested size: 108.76607pt x 113.81102pt.

<./figs/spoon_f.jpg, id=56, 373.395pt x 390.70969pt>
File: ./figs/spoon_f.jpg Graphic file (type jpg)
 <use ./figs/spoon_f.jpg>
Package pdftex.def Info: ./figs/spoon_f.jpg used on input line 159.
(pdftex.def)             Requested size: 108.76607pt x 113.81102pt.

<./figs/spoon_e.jpg, id=57, 373.395pt x 390.70969pt>
File: ./figs/spoon_e.jpg Graphic file (type jpg)
 <use ./figs/spoon_e.jpg>
Package pdftex.def Info: ./figs/spoon_e.jpg used on input line 160.
(pdftex.def)             Requested size: 108.76607pt x 113.81102pt.

<./figs/spoon_v.jpg, id=58, 373.395pt x 390.70969pt>
File: ./figs/spoon_v.jpg Graphic file (type jpg)
 <use ./figs/spoon_v.jpg>
Package pdftex.def Info: ./figs/spoon_v.jpg used on input line 161.
(pdftex.def)             Requested size: 108.76607pt x 113.81102pt.

<./figs/spoon_t.jpg, id=59, 373.395pt x 390.70969pt>
File: ./figs/spoon_t.jpg Graphic file (type jpg)
 <use ./figs/spoon_t.jpg>
Package pdftex.def Info: ./figs/spoon_t.jpg used on input line 162.
(pdftex.def)             Requested size: 108.76607pt x 113.81102pt.

<./figs/T_f.jpg, id=60, 373.395pt x 390.70969pt>
File: ./figs/T_f.jpg Graphic file (type jpg)
 <use ./figs/T_f.jpg>
Package pdftex.def Info: ./figs/T_f.jpg used on input line 169.
(pdftex.def)             Requested size: 108.76607pt x 113.81102pt.

<./figs/T_e.jpg, id=61, 373.395pt x 390.70969pt>
File: ./figs/T_e.jpg Graphic file (type jpg)
 <use ./figs/T_e.jpg>
Package pdftex.def Info: ./figs/T_e.jpg used on input line 170.
(pdftex.def)             Requested size: 108.76607pt x 113.81102pt.

<./figs/T_v.jpg, id=62, 373.395pt x 390.70969pt>
File: ./figs/T_v.jpg Graphic file (type jpg)
 <use ./figs/T_v.jpg>
Package pdftex.def Info: ./figs/T_v.jpg used on input line 171.
(pdftex.def)             Requested size: 108.76607pt x 113.81102pt.

<./figs/T_t.jpg, id=63, 373.395pt x 390.70969pt>
File: ./figs/T_t.jpg Graphic file (type jpg)
 <use ./figs/T_t.jpg>
Package pdftex.def Info: ./figs/T_t.jpg used on input line 172.
(pdftex.def)             Requested size: 108.76607pt x 113.81102pt.

<./figs/teeth_f.jpg, id=64, 373.395pt x 390.70969pt>
File: ./figs/teeth_f.jpg Graphic file (type jpg)
 <use ./figs/teeth_f.jpg>
Package pdftex.def Info: ./figs/teeth_f.jpg used on input line 179.
(pdftex.def)             Requested size: 108.76607pt x 113.81102pt.

<./figs/teeth_e.jpg, id=65, 373.395pt x 390.70969pt>
File: ./figs/teeth_e.jpg Graphic file (type jpg)
 <use ./figs/teeth_e.jpg>
Package pdftex.def Info: ./figs/teeth_e.jpg used on input line 180.
(pdftex.def)             Requested size: 108.76607pt x 113.81102pt.

<./figs/teeth_v.jpg, id=66, 373.395pt x 390.70969pt>
File: ./figs/teeth_v.jpg Graphic file (type jpg)
 <use ./figs/teeth_v.jpg>
Package pdftex.def Info: ./figs/teeth_v.jpg used on input line 181.
(pdftex.def)             Requested size: 108.76607pt x 113.81102pt.

<./figs/teeth_t.jpg, id=67, 373.395pt x 390.70969pt>
File: ./figs/teeth_t.jpg Graphic file (type jpg)
 <use ./figs/teeth_t.jpg>
Package pdftex.def Info: ./figs/teeth_t.jpg used on input line 182.
(pdftex.def)             Requested size: 108.76607pt x 113.81102pt.

<./figs/U_f.jpg, id=68, 373.395pt x 390.70969pt>
File: ./figs/U_f.jpg Graphic file (type jpg)
 <use ./figs/U_f.jpg>
Package pdftex.def Info: ./figs/U_f.jpg used on input line 189.
(pdftex.def)             Requested size: 108.76607pt x 113.81102pt.

<./figs/U_e.jpg, id=69, 373.395pt x 390.70969pt>
File: ./figs/U_e.jpg Graphic file (type jpg)
 <use ./figs/U_e.jpg>
Package pdftex.def Info: ./figs/U_e.jpg used on input line 190.
(pdftex.def)             Requested size: 108.76607pt x 113.81102pt.

<./figs/U_v.jpg, id=70, 373.395pt x 390.70969pt>
File: ./figs/U_v.jpg Graphic file (type jpg)
 <use ./figs/U_v.jpg>
Package pdftex.def Info: ./figs/U_v.jpg used on input line 191.
(pdftex.def)             Requested size: 108.76607pt x 113.81102pt.

<./figs/U_t.jpg, id=71, 373.395pt x 390.70969pt>
File: ./figs/U_t.jpg Graphic file (type jpg)
 <use ./figs/U_t.jpg>
Package pdftex.def Info: ./figs/U_t.jpg used on input line 192.
(pdftex.def)             Requested size: 108.76607pt x 113.81102pt.

<./figs/woman_f.jpg, id=72, 373.395pt x 390.70969pt>
File: ./figs/woman_f.jpg Graphic file (type jpg)
 <use ./figs/woman_f.jpg>
Package pdftex.def Info: ./figs/woman_f.jpg used on input line 199.
(pdftex.def)             Requested size: 108.76607pt x 113.81102pt.

<./figs/woman_e.jpg, id=73, 373.395pt x 390.70969pt>
File: ./figs/woman_e.jpg Graphic file (type jpg)
 <use ./figs/woman_e.jpg>
Package pdftex.def Info: ./figs/woman_e.jpg used on input line 200.
(pdftex.def)             Requested size: 108.76607pt x 113.81102pt.

<./figs/woman_v.jpg, id=74, 373.395pt x 390.70969pt>
File: ./figs/woman_v.jpg Graphic file (type jpg)
 <use ./figs/woman_v.jpg>
Package pdftex.def Info: ./figs/woman_v.jpg used on input line 201.
(pdftex.def)             Requested size: 108.76607pt x 113.81102pt.

<./figs/woman_t.jpg, id=75, 373.395pt x 390.70969pt>
File: ./figs/woman_t.jpg Graphic file (type jpg)
 <use ./figs/woman_t.jpg>
Package pdftex.def Info: ./figs/woman_t.jpg used on input line 202.
(pdftex.def)             Requested size: 108.76607pt x 113.81102pt.

<./figs/Y_f.jpg, id=76, 373.395pt x 390.70969pt>
File: ./figs/Y_f.jpg Graphic file (type jpg)
 <use ./figs/Y_f.jpg>
Package pdftex.def Info: ./figs/Y_f.jpg used on input line 209.
(pdftex.def)             Requested size: 108.76607pt x 113.81102pt.

<./figs/Y_e.jpg, id=77, 373.395pt x 390.70969pt>
File: ./figs/Y_e.jpg Graphic file (type jpg)
 <use ./figs/Y_e.jpg>
Package pdftex.def Info: ./figs/Y_e.jpg used on input line 210.
(pdftex.def)             Requested size: 108.76607pt x 113.81102pt.

<./figs/Y_v.jpg, id=78, 373.395pt x 390.70969pt>
File: ./figs/Y_v.jpg Graphic file (type jpg)
 <use ./figs/Y_v.jpg>
Package pdftex.def Info: ./figs/Y_v.jpg used on input line 211.
(pdftex.def)             Requested size: 108.76607pt x 113.81102pt.

<./figs/Y_t.jpg, id=79, 373.395pt x 390.70969pt>
File: ./figs/Y_t.jpg Graphic file (type jpg)
 <use ./figs/Y_t.jpg>
Package pdftex.def Info: ./figs/Y_t.jpg used on input line 212.
(pdftex.def)             Requested size: 108.76607pt x 113.81102pt.
 [1

{C:/ProgramData/MiKTeX/2.9/pdftex/config/pdftex.map}] [2 <I:/courses/1502/geome
try/hw/homework-04/cshape-youngeun/report/figs/coplanar.jpg> <I:/courses/1502/g
eometry/hw/homework-04/cshape-youngeun/report/figs/input.jpg> <I:/courses/1502/
geometry/hw/homework-04/cshape-youngeun/report/figs/bb_f.jpg> <I:/courses/1502/
geometry/hw/homework-04/cshape-youngeun/report/figs/bb_e.jpg> <I:/courses/1502/
geometry/hw/homework-04/cshape-youngeun/report/figs/bb_v.jpg> <I:/courses/1502/
geometry/hw/homework-04/cshape-youngeun/report/figs/bb_t.jpg>]
Package atveryend Info: Empty hook `BeforeClearDocument' on input line 224.
 [3 <I:/courses/1502/geometry/hw/homework-04/cshape-youngeun/report/figs/bull_f
.jpg> <I:/courses/1502/geometry/hw/homework-04/cshape-youngeun/report/figs/bull
_e.jpg> <I:/courses/1502/geometry/hw/homework-04/cshape-youngeun/report/figs/bu
ll_v.jpg> <I:/courses/1502/geometry/hw/homework-04/cshape-youngeun/report/figs/
bull_t.jpg> <I:/courses/1502/geometry/hw/homework-04/cshape-youngeun/report/fig
s/bunny_f.jpg> <I:/courses/1502/geometry/hw/homework-04/cshape-youngeun/report/
figs/bunny_e.jpg> <I:/courses/1502/geometry/hw/homework-04/cshape-youngeun/repo
rt/figs/bunny_v.jpg> <I:/courses/1502/geometry/hw/homework-04/cshape-youngeun/r
eport/figs/bunny_t.jpg> <I:/courses/1502/geometry/hw/homework-04/cshape-youngeu
n/report/figs/cube_f.jpg> <I:/courses/1502/geometry/hw/homework-04/cshape-young
eun/report/figs/cube_e.jpg> <I:/courses/1502/geometry/hw/homework-04/cshape-you
ngeun/report/figs/cube_v.jpg> <I:/courses/1502/geometry/hw/homework-04/cshape-y
oungeun/report/figs/cube_t.jpg>] [4 <I:/courses/1502/geometry/hw/homework-04/cs
hape-youngeun/report/figs/ellipsoid_f.jpg> <I:/courses/1502/geometry/hw/homewor
k-04/cshape-youngeun/report/figs/ellipsoid_e.jpg> <I:/courses/1502/geometry/hw/
homework-04/cshape-youngeun/report/figs/ellipsoid_v.jpg> <I:/courses/1502/geome
try/hw/homework-04/cshape-youngeun/report/figs/ellipsoid_t.jpg> <I:/courses/150
2/geometry/hw/homework-04/cshape-youngeun/report/figs/screwdriver_f.jpg> <I:/co
urses/1502/geometry/hw/homework-04/cshape-youngeun/report/figs/screwdriver_e.jp
g> <I:/courses/1502/geometry/hw/homework-04/cshape-youngeun/report/figs/screwdr
iver_v.jpg> <I:/courses/1502/geometry/hw/homework-04/cshape-youngeun/report/fig
s/screwdriver_t.jpg> <I:/courses/1502/geometry/hw/homework-04/cshape-youngeun/r
eport/figs/spoon_f.jpg> <I:/courses/1502/geometry/hw/homework-04/cshape-youngeu
n/report/figs/spoon_e.jpg> <I:/courses/1502/geometry/hw/homework-04/cshape-youn
geun/report/figs/spoon_v.jpg> <I:/courses/1502/geometry/hw/homework-04/cshape-y
oungeun/report/figs/spoon_t.jpg>] [5 <I:/courses/1502/geometry/hw/homework-04/c
shape-youngeun/report/figs/T_f.jpg> <I:/courses/1502/geometry/hw/homework-04/cs
hape-youngeun/report/figs/T_e.jpg> <I:/courses/1502/geometry/hw/homework-04/csh
ape-youngeun/report/figs/T_v.jpg> <I:/courses/1502/geometry/hw/homework-04/csha
pe-youngeun/report/figs/T_t.jpg> <I:/courses/1502/geometry/hw/homework-04/cshap
e-youngeun/report/figs/teeth_f.jpg> <I:/courses/1502/geometry/hw/homework-04/cs
hape-youngeun/report/figs/teeth_e.jpg> <I:/courses/1502/geometry/hw/homework-04
/cshape-youngeun/report/figs/teeth_v.jpg> <I:/courses/1502/geometry/hw/homework
-04/cshape-youngeun/report/figs/teeth_t.jpg> <I:/courses/1502/geometry/hw/homew
ork-04/cshape-youngeun/report/figs/U_f.jpg> <I:/courses/1502/geometry/hw/homewo
rk-04/cshape-youngeun/report/figs/U_e.jpg> <I:/courses/1502/geometry/hw/homewor
k-04/cshape-youngeun/report/figs/U_v.jpg> <I:/courses/1502/geometry/hw/homework
-04/cshape-youngeun/report/figs/U_t.jpg>] [6 <I:/courses/1502/geometry/hw/homew
ork-04/cshape-youngeun/report/figs/woman_f.jpg> <I:/courses/1502/geometry/hw/ho
mework-04/cshape-youngeun/report/figs/woman_e.jpg> <I:/courses/1502/geometry/hw
/homework-04/cshape-youngeun/report/figs/woman_v.jpg> <I:/courses/1502/geometry
/hw/homework-04/cshape-youngeun/report/figs/woman_t.jpg> <I:/courses/1502/geome
try/hw/homework-04/cshape-youngeun/report/figs/Y_f.jpg> <I:/courses/1502/geomet
ry/hw/homework-04/cshape-youngeun/report/figs/Y_e.jpg> <I:/courses/1502/geometr
y/hw/homework-04/cshape-youngeun/report/figs/Y_v.jpg> <I:/courses/1502/geometry
/hw/homework-04/cshape-youngeun/report/figs/Y_t.jpg>]
Package atveryend Info: Empty hook `AfterLastShipout' on input line 224.

(I:\courses\1502\geometry\hw\homework-04\cshape-youngeun\report\report.aux)
Package atveryend Info: Executing hook `AtVeryEndDocument' on input line 224.
Package atveryend Info: Executing hook `AtEndAfterFileList' on input line 224.
Package rerunfilecheck Info: File `report.out' has not changed.
(rerunfilecheck)             Checksum: AC13F7A3B494C8709DEDDE9B52764442;165.
Package atveryend Info: Empty hook `AtVeryVeryEnd' on input line 224.
 ) 
Here is how much of TeX's memory you used:
 7009 strings out of 493921
 101537 string characters out of 3144868
 192898 words of memory out of 3000000
 10089 multiletter control sequences out of 15000+200000
 12267 words of font info for 50 fonts, out of 3000000 for 9000
 841 hyphenation exceptions out of 8191
 32i,8n,29p,816b,327s stack positions out of 5000i,500n,10000p,200000b,50000s
<C:/Program Files (x86)/MiKTeX 2.9/fonts/type1/public/amsfonts/cm/cmbx12.pfb>
<C:/Program Files (x86)/MiKTeX 2.9/fonts/type1/public/amsfonts/cm/cmmi10.pfb><C
:/Program Files (x86)/MiKTeX 2.9/fonts/type1/public/amsfonts/cm/cmmi8.pfb><C:/P
rogram Files (x86)/MiKTeX 2.9/fonts/type1/public/amsfonts/cm/cmr10.pfb><C:/Prog
ram Files (x86)/MiKTeX 2.9/fonts/type1/public/amsfonts/cm/cmr12.pfb><C:/Program
 Files (x86)/MiKTeX 2.9/fonts/type1/public/amsfonts/cm/cmr6.pfb><C:/Program Fil
es (x86)/MiKTeX 2.9/fonts/type1/public/amsfonts/cm/cmr8.pfb><C:/Program Files (
x86)/MiKTeX 2.9/fonts/type1/public/amsfonts/cm/cmr9.pfb><C:/Program Files (x86)
/MiKTeX 2.9/fonts/type1/public/amsfonts/cm/cmti10.pfb>
Output written on report.pdf (6 pages, 3186244 bytes).
PDF statistics:
 230 PDF objects out of 1000 (max. 8388607)
 76 named destinations out of 1000 (max. 500000)
 275 words of extra memory for PDF output out of 10000 (max. 10000000)

